{"uuid":"170fcfb1-d210-4c8c-8ae4-057b3d0fb097","historyId":"86b8099e8f006d069279045884b01163","fullName":"Register: Successful registration with valid credentials","labels":[{"name":"tag","value":"Register"},{"name":"tag","value":"Register_tc3"},{"name":"tag","value":"test1"},{"name":"host","value":"Vineeths-Air.home"},{"name":"thread","value":"2566@Vineeths-Air.home.main(1)"},{"name":"feature","value":"Register"},{"name":"story","value":"Successful registration with valid credentials"},{"name":"suite","value":"Register"},{"name":"testClass","value":"Successful registration with valid credentials"},{"name":"framework","value":"cucumber4jvm"},{"name":"language","value":"java"},{"name":"gherkin_uri","value":"file:///Users/Dee/eclipse-workspace/ds_algo/src/test/resources/Features/02_Register.feature"},{"name":"package","value":"src.test.resources.Features.02_Register_feature.Register"}],"links":[],"name":"Successful registration with valid credentials","status":"failed","statusDetails":{"known":false,"muted":false,"flaky":false,"message":"expected [true] but found [false]","trace":"java.lang.AssertionError: expected [true] but found [false]\n\tat org.testng.Assert.fail(Assert.java:110)\n\tat org.testng.Assert.failNotEquals(Assert.java:1577)\n\tat org.testng.Assert.assertEqualsImpl(Assert.java:149)\n\tat org.testng.Assert.assertEquals(Assert.java:131)\n\tat org.testng.Assert.assertEquals(Assert.java:1066)\n\tat org.testng.Assert.assertEquals(Assert.java:1030)\n\tat org.testng.Assert.assertEquals(Assert.java:1076)\n\tat stepDefinitions.Register_SD.user_should_be_able_to_successfully_register_and_see_the_success_message(Register_SD.java:66)\n\tat ✽.User should be  able to  successfully register and see the success message \"New Account Created.\"(file:///Users/Dee/eclipse-workspace/ds_algo/src/test/resources/Features/02_Register.feature:25)\n"},"stage":"finished","steps":[{"name":"Given  User launches Register page","status":"passed","statusDetails":{"known":false,"muted":false,"flaky":false},"stage":"finished","steps":[],"attachments":[],"parameters":[],"start":1683600084337,"stop":1683600084416},{"name":"When  User enters following  valid credentials","status":"passed","statusDetails":{"known":false,"muted":false,"flaky":false},"stage":"finished","steps":[],"attachments":[{"name":"Data table","source":"52f1572d-06c3-404a-8bcc-a0c5da6bdeb0-attachment.csv","type":"text/tab-separated-values"}],"parameters":[],"start":1683600084419,"stop":1683600088982},{"name":"And  Clicks on the Register button","status":"passed","statusDetails":{"known":false,"muted":false,"flaky":false},"stage":"finished","steps":[],"attachments":[],"parameters":[],"start":1683600088984,"stop":1683600089099},{"name":"Then  User should be  able to  successfully register and see the success message \"New Account Created.\"","status":"failed","statusDetails":{"known":false,"muted":false,"flaky":false,"message":"expected [true] but found [false]","trace":"java.lang.AssertionError: expected [true] but found [false]\n\tat org.testng.Assert.fail(Assert.java:110)\n\tat org.testng.Assert.failNotEquals(Assert.java:1577)\n\tat org.testng.Assert.assertEqualsImpl(Assert.java:149)\n\tat org.testng.Assert.assertEquals(Assert.java:131)\n\tat org.testng.Assert.assertEquals(Assert.java:1066)\n\tat org.testng.Assert.assertEquals(Assert.java:1030)\n\tat org.testng.Assert.assertEquals(Assert.java:1076)\n\tat stepDefinitions.Register_SD.user_should_be_able_to_successfully_register_and_see_the_success_message(Register_SD.java:66)\n\tat ✽.User should be  able to  successfully register and see the success message \"New Account Created.\"(file:///Users/Dee/eclipse-workspace/ds_algo/src/test/resources/Features/02_Register.feature:25)\n"},"stage":"finished","steps":[],"attachments":[],"parameters":[],"start":1683600089100,"stop":1683600091218}],"attachments":[],"parameters":[],"start":1683600084337,"stop":1683600091745}