{"uuid":"fa296086-3325-412e-bd70-967debcc7bc4","historyId":"86b8099e8f006d069279045884b01163","fullName":"Register: Successful registration with valid credentials","labels":[{"name":"tag","value":"Register"},{"name":"tag","value":"Register_tc3"},{"name":"tag","value":"test1"},{"name":"host","value":"Vineeths-Air.home"},{"name":"thread","value":"8688@Vineeths-Air.home.main(1)"},{"name":"feature","value":"Register"},{"name":"story","value":"Successful registration with valid credentials"},{"name":"suite","value":"Register"},{"name":"testClass","value":"Successful registration with valid credentials"},{"name":"framework","value":"cucumber4jvm"},{"name":"language","value":"java"},{"name":"gherkin_uri","value":"file:///Users/Dee/eclipse-workspace/ds_algo/src/test/resources/Features/02_Register.feature"},{"name":"package","value":"src.test.resources.Features.02_Register_feature.Register"}],"links":[],"name":"Successful registration with valid credentials","status":"failed","statusDetails":{"known":false,"muted":false,"flaky":false,"message":"expected [true] but found [false]","trace":"java.lang.AssertionError: expected [true] but found [false]\n\tat org.testng.Assert.fail(Assert.java:110)\n\tat org.testng.Assert.failNotEquals(Assert.java:1577)\n\tat org.testng.Assert.assertEqualsImpl(Assert.java:149)\n\tat org.testng.Assert.assertEquals(Assert.java:131)\n\tat org.testng.Assert.assertEquals(Assert.java:1066)\n\tat org.testng.Assert.assertEquals(Assert.java:1030)\n\tat org.testng.Assert.assertEquals(Assert.java:1076)\n\tat stepDefinitions.Register_SD.user_should_be_able_to_successfully_register_and_see_the_success_message(Register_SD.java:66)\n\tat ✽.User should be  able to  successfully register and see the success message \"New Account Created.\"(file:///Users/Dee/eclipse-workspace/ds_algo/src/test/resources/Features/02_Register.feature:25)\n"},"stage":"finished","steps":[{"name":"Given  User launches Register page","status":"passed","statusDetails":{"known":false,"muted":false,"flaky":false},"stage":"finished","steps":[],"attachments":[],"parameters":[],"start":1683647631461,"stop":1683647631514},{"name":"When  User enters following  valid credentials","status":"passed","statusDetails":{"known":false,"muted":false,"flaky":false},"stage":"finished","steps":[],"attachments":[{"name":"Data table","source":"a5c3a750-7297-4e53-b996-dd47270578fa-attachment.csv","type":"text/tab-separated-values"}],"parameters":[],"start":1683647631515,"stop":1683647635909},{"name":"And  Clicks on the Register button","status":"passed","statusDetails":{"known":false,"muted":false,"flaky":false},"stage":"finished","steps":[],"attachments":[],"parameters":[],"start":1683647635910,"stop":1683647636004},{"name":"Then  User should be  able to  successfully register and see the success message \"New Account Created.\"","status":"failed","statusDetails":{"known":false,"muted":false,"flaky":false,"message":"expected [true] but found [false]","trace":"java.lang.AssertionError: expected [true] but found [false]\n\tat org.testng.Assert.fail(Assert.java:110)\n\tat org.testng.Assert.failNotEquals(Assert.java:1577)\n\tat org.testng.Assert.assertEqualsImpl(Assert.java:149)\n\tat org.testng.Assert.assertEquals(Assert.java:131)\n\tat org.testng.Assert.assertEquals(Assert.java:1066)\n\tat org.testng.Assert.assertEquals(Assert.java:1030)\n\tat org.testng.Assert.assertEquals(Assert.java:1076)\n\tat stepDefinitions.Register_SD.user_should_be_able_to_successfully_register_and_see_the_success_message(Register_SD.java:66)\n\tat ✽.User should be  able to  successfully register and see the success message \"New Account Created.\"(file:///Users/Dee/eclipse-workspace/ds_algo/src/test/resources/Features/02_Register.feature:25)\n"},"stage":"finished","steps":[],"attachments":[],"parameters":[],"start":1683647636004,"stop":1683647638049}],"attachments":[],"parameters":[],"start":1683647631461,"stop":1683647638424}